<?xml version="1.0" encoding="UTF-8"?>
<testng-results ignored="0" total="1" passed="1" failed="0" skipped="0">
  <reporter-output>
  </reporter-output>
  <suite started-at="2024-04-05T17:47:04 IST" name="Suite" finished-at="2024-04-05T17:48:51 IST" duration-ms="106753">
    <groups>
    </groups>
    <test started-at="2024-04-05T17:47:04 IST" name="Run on Mobile" finished-at="2024-04-05T17:48:51 IST" duration-ms="106753">
      <class name="com.tests.Login">
        <test-method is-config="true" signature="BeforeLaunchingbrowser()[pri:0, instance:com.tests.Login@fa36558]" started-at="2024-04-05T17:47:04 IST" name="BeforeLaunchingbrowser" finished-at="2024-04-05T17:47:04 IST" duration-ms="19" status="PASS">
          <reporter-output>
          </reporter-output>
        </test-method> <!-- BeforeLaunchingbrowser -->
        <test-method is-config="true" signature="LaunchBrowser()[pri:0, instance:com.tests.Login@fa36558]" started-at="2024-04-05T17:47:04 IST" name="LaunchBrowser" finished-at="2024-04-05T17:47:16 IST" duration-ms="11952" status="PASS">
          <reporter-output>
          </reporter-output>
        </test-method> <!-- LaunchBrowser -->
        <test-method signature="TC_001()[pri:0, instance:com.tests.Login@fa36558]" started-at="2024-04-05T17:47:16 IST" name="TC_001" finished-at="2024-04-05T17:48:49 IST" duration-ms="93406" status="PASS">
          <reporter-output>
          </reporter-output>
        </test-method> <!-- TC_001 -->
        <test-method is-config="true" signature="CloseBrowser()[pri:0, instance:com.tests.Login@fa36558]" started-at="2024-04-05T17:48:50 IST" name="CloseBrowser" finished-at="2024-04-05T17:48:51 IST" duration-ms="479" status="PASS">
          <reporter-output>
          </reporter-output>
        </test-method> <!-- CloseBrowser -->
      </class> <!-- com.tests.Login -->
    </test> <!-- Run on Mobile -->
  </suite> <!-- Suite -->
</testng-results>
