<?xml version="1.0" encoding="UTF-8"?>
<!-- Generated by org.testng.reporters.JUnitXMLReporter -->
<testsuite ignored="16" hostname="Bharadwaj-B6DD2G2" failures="0" tests="9" name="Run on Mobile" time="430.141" errors="0" timestamp="2024-04-23T14:58:03 IST">
  <testcase classname="com.tests.Login_into_application" name="TC_001" time="215.669"/>
  <testcase classname="com.tests.Validate_fitnessandhealthpage" name="TC_002" time="61.419"/>
  <testcase classname="com.tests.validate_add_friends_through_contract" name="TC_003" time="7.67"/>
  <testcase classname="com.tests.validate_add_friends_through_common_interest" name="TC_004" time="23.174"/>
  <testcase classname="com.tests.Post_an_Activity_rings" name="TC_005" time="15.771"/>
  <testcase classname="com.tests.Accept_the_friend_request" name="TC_006" time="39.286"/>
  <testcase classname="com.tests.collectnoisecoinsformdashboard" name="TC_007" time="27.119"/>
  <testcase classname="com.tests.Create_Challenge" name="TC_008" time="26.002"/>
  <testcase classname="com.tests.delete_an_account" name="TC_009" time="7.774"/>
  <testcase classname="com.Driver.Driver" name="@AfterSuite CloseBrowser" time="0.0">
    <ignored/>
  </testcase> <!-- @AfterSuite CloseBrowser -->
  <testcase classname="com.Driver.Driver" name="@AfterSuite CloseBrowser" time="0.0">
    <ignored/>
  </testcase> <!-- @AfterSuite CloseBrowser -->
  <testcase classname="com.Driver.Driver" name="@BeforeSuite LaunchBrowser" time="0.0">
    <ignored/>
  </testcase> <!-- @BeforeSuite LaunchBrowser -->
  <testcase classname="com.Driver.Driver" name="@BeforeSuite LaunchBrowser" time="0.0">
    <ignored/>
  </testcase> <!-- @BeforeSuite LaunchBrowser -->
  <testcase classname="com.Driver.Driver" name="@BeforeSuite LaunchBrowser" time="0.0">
    <ignored/>
  </testcase> <!-- @BeforeSuite LaunchBrowser -->
  <testcase classname="com.Driver.Driver" name="@AfterSuite CloseBrowser" time="0.0">
    <ignored/>
  </testcase> <!-- @AfterSuite CloseBrowser -->
  <testcase classname="com.Driver.Driver" name="@BeforeSuite LaunchBrowser" time="0.0">
    <ignored/>
  </testcase> <!-- @BeforeSuite LaunchBrowser -->
  <testcase classname="com.Driver.Driver" name="@BeforeSuite LaunchBrowser" time="0.0">
    <ignored/>
  </testcase> <!-- @BeforeSuite LaunchBrowser -->
  <testcase classname="com.Driver.Driver" name="@BeforeSuite LaunchBrowser" time="0.0">
    <ignored/>
  </testcase> <!-- @BeforeSuite LaunchBrowser -->
  <testcase classname="com.Driver.Driver" name="@BeforeSuite LaunchBrowser" time="0.0">
    <ignored/>
  </testcase> <!-- @BeforeSuite LaunchBrowser -->
  <testcase classname="com.Driver.Driver" name="@AfterSuite CloseBrowser" time="0.0">
    <ignored/>
  </testcase> <!-- @AfterSuite CloseBrowser -->
  <testcase classname="com.Driver.Driver" name="@BeforeSuite LaunchBrowser" time="0.0">
    <ignored/>
  </testcase> <!-- @BeforeSuite LaunchBrowser -->
  <testcase classname="com.Driver.Driver" name="@AfterSuite CloseBrowser" time="0.0">
    <ignored/>
  </testcase> <!-- @AfterSuite CloseBrowser -->
  <testcase classname="com.Driver.Driver" name="@AfterSuite CloseBrowser" time="0.0">
    <ignored/>
  </testcase> <!-- @AfterSuite CloseBrowser -->
  <testcase classname="com.Driver.Driver" name="@AfterSuite CloseBrowser" time="0.0">
    <ignored/>
  </testcase> <!-- @AfterSuite CloseBrowser -->
  <testcase classname="com.Driver.Driver" name="@AfterSuite CloseBrowser" time="0.0">
    <ignored/>
  </testcase> <!-- @AfterSuite CloseBrowser -->
</testsuite> <!-- Run on Mobile -->
